<?xml version="1.0" encoding="UTF-8"?>
<!-- Generated by org.testng.reporters.JUnitReportReporter -->
<testsuite hostname="LAP-4WJQ533" failures="0" tests="1" name="gov.acms.acmsproject.sample.ExcelValidation" time="0.613" errors="0" timestamp="2021-06-08T10:47:15 EDT" skipped="0">
  <testcase classname="gov.acms.acmsproject.sample.ExcelValidation" name="Excel" time="0.613"/>
  <system-out/>
</testsuite> <!-- gov.acms.acmsproject.sample.ExcelValidation -->
