<?xml version="1.0" encoding="UTF-8"?>
<!-- Generated by org.testng.reporters.JUnitReportReporter -->
<testsuite hostname="LAP-4WJQ533" failures="0" tests="1" name="gov.acms.acmsproject.sample.SampleBaseObject" time="7.061" errors="0" timestamp="2021-06-08T01:11:57 EDT" skipped="0">
  <testcase classname="gov.acms.acmsproject.sample.SampleBaseObject" name="Setup" time="7.061"/>
  <system-out/>
</testsuite> <!-- gov.acms.acmsproject.sample.SampleBaseObject -->
