<?xml version="1.0" encoding="UTF-8"?>
<!-- Generated by org.testng.reporters.JUnitReportReporter -->
<testsuite hostname="LAP-4WJQ533" failures="0" tests="1" name="gov.acms.acmsproject.sample.Sample1" time="4.679" errors="0" timestamp="2021-06-06T00:41:32 EDT" skipped="0">
  <testcase classname="gov.acms.acmsproject.sample.Sample1" name="Setup" time="4.679"/>
  <system-out/>
</testsuite> <!-- gov.acms.acmsproject.sample.Sample1 -->
