<?xml version="1.0" encoding="UTF-8"?>
<!-- Generated by org.testng.reporters.JUnitReportReporter -->
<testsuite hostname="LAP-4WJQ533" failures="0" tests="1" name="gov.acms.acmsproject.sample.ExcelValidation" time="0.484" errors="0" timestamp="2021-06-06T01:05:34 EDT" skipped="0">
  <testcase classname="gov.acms.acmsproject.sample.ExcelValidation" name="Excel" time="0.484"/>
  <system-out/>
</testsuite> <!-- gov.acms.acmsproject.sample.ExcelValidation -->
