<?xml version="1.0" encoding="UTF-8"?>
<!-- Generated by org.testng.reporters.JUnitReportReporter -->
<testsuite hostname="LAP-4WJQ533" failures="0" tests="1" name="gov.acms.acmsproject.sample.SampleWebDriveManager" time="5.656" errors="0" timestamp="2021-06-06T01:06:07 EDT" skipped="0">
  <testcase classname="gov.acms.acmsproject.sample.SampleWebDriveManager" name="SampleTest" time="5.656"/>
  <system-out/>
</testsuite> <!-- gov.acms.acmsproject.sample.SampleWebDriveManager -->
