<?xml version="1.0" encoding="UTF-8"?>
<!-- Generated by org.testng.reporters.JUnitReportReporter -->
<testsuite hostname="LAP-4WJQ533" failures="0" tests="1" name="gov.acms.acmsproject.sample.SampleWebDriveManager1" time="6.105" errors="0" timestamp="2021-06-06T10:50:59 EDT" skipped="0">
  <testcase classname="gov.acms.acmsproject.sample.SampleWebDriveManager1" name="SampleTest" time="6.105"/>
  <system-out/>
</testsuite> <!-- gov.acms.acmsproject.sample.SampleWebDriveManager1 -->
