<?xml version="1.0" encoding="UTF-8"?>
<!-- Generated by org.testng.reporters.JUnitReportReporter -->
<testsuite hostname="LAP-4WJQ533" failures="0" tests="1" name="gov.acms.acmsproject.sample.Sample" time="4.861" errors="0" timestamp="2021-06-05T23:28:55 EDT" skipped="0">
  <testcase classname="gov.acms.acmsproject.sample.Sample" name="SampleTest" time="4.861"/>
  <system-out/>
</testsuite> <!-- gov.acms.acmsproject.sample.Sample -->
